<?xml version="1.0" encoding="UTF-8"?>
<!-- Generated by org.testng.reporters.JUnitReportReporter -->
<testsuite hostname="ITC-MSO-PC" failures="0" tests="1" name="uk.co.automationtesting.OrderCompleteTest" time="23.838" errors="0" timestamp="2024-03-11T10:15:28 ICT" skipped="0">
  <testcase classname="uk.co.automationtesting.OrderCompleteTest" name="endToEndTest" time="23.838"/>
  <system-out/>
</testsuite> <!-- uk.co.automationtesting.OrderCompleteTest -->
